<?xml version="1.0" encoding="UTF-8"?>
<!-- Generated by org.testng.reporters.JUnitReportReporter -->
<testsuite hostname="192.168.1.8" failures="0" tests="1" name="test.ps1" time="0.007" errors="0" timestamp="2024-08-10T11:05:18 IST" skipped="0">
  <testcase classname="test.ps1" name="testRun" time="0.007"/>
  <system-out/>
</testsuite> <!-- test.ps1 -->
